ISim log file
Running: /home/eng/r/raw160130/EE4304-Computer-Architecture/Lab-2/Project-2/TopLevel_tb_isim_beh.exe -intstyle ise -gui -tclbatch isim.cmd -wdb /home/eng/r/raw160130/EE4304-Computer-Architecture/Lab-2/Project-2/TopLevel_tb_isim_beh.wdb 
ISim P.20131013 (signature 0xfbc00daa)
----------------------------------------------------------------------
INFO:Security:50 - The XILINXD_LICENSE_FILE environment variable is set to '2100@engls'.
INFO:Security:52 - The LM_LICENSE_FILE environment variable is set to '2100@engls'.
WARNING:Security:43 - No license file was found in the standard Xilinx license directory.
WARNING:Security:44 - Since no license file was found,
       please run the Xilinx License Configuration Manager
       (xlcm or "Manage Xilinx Licenses")
       to assist in obtaining a license.
WARNING:Security:42 - Your software subscription period has lapsed. Your current version of Xilinx tools will continue to function, but you no longer qualify for Xilinx software updates or new releases.


----------------------------------------------------------------------
This is a Full version of ISim.
Time resolution is 1 ps
# onerror resume
# wave add /
# run 1000 ns
Simulator is doing circuit initialization process.
Finished circuit initialization process.
Stopped at time : 607 ns : File "/home/eng/r/raw160130/EE4304-Computer-Architecture/Lab-2/TopLevel_tb.v" Line 29
# restart
# run all
Simulator is doing circuit initialization process.
Finished circuit initialization process.
Stopped at time : 607 ns : File "/home/eng/r/raw160130/EE4304-Computer-Architecture/Lab-2/TopLevel_tb.v" Line 29
# restart
# run all
Simulator is doing circuit initialization process.
Finished circuit initialization process.
Stopped at time : 607 ns : File "/home/eng/r/raw160130/EE4304-Computer-Architecture/Lab-2/TopLevel_tb.v" Line 29
# exit 0
